<?xml version="1.0" encoding="utf-8"?><testsuites><testsuite errors="0" failures="0" hostname="artemis" name="pytest" skipped="0" tests="1" time="0.218" timestamp="2021-05-30T20:16:15.738126"><testcase classname="tests.test_random" file="tests/test_random.py" line="5" name="test__one_range" time="0.186"></testcase></testsuite></testsuites>