<?xml version="1.0" encoding="utf-8"?><testsuites><testsuite errors="0" failures="0" hostname="artemis" name="pytest" skipped="0" tests="1" time="0.368" timestamp="2021-05-30T20:22:03.700282"><testcase classname="tests.test_random" file="tests/test_random.py" line="5" name="test__one_range" time="0.341"></testcase></testsuite></testsuites>